1:C 07 Apr 2024 12:06:32.262 * oO0OoO0OoO0Oo Redis is starting oO0OoO0OoO0Oo
1:C 07 Apr 2024 12:06:32.265 * Redis version=7.2.4, bits=64, commit=00000000, modified=0, pid=1, just started
1:C 07 Apr 2024 12:06:32.268 * Configuration loaded
1:M 07 Apr 2024 12:06:32.272 * monotonic clock: POSIX clock_gettime
                _._                                                  
           _.-``__ ''-._                                             
      _.-``    `.  `_.  ''-._           Redis 7.2.4 (00000000/0) 64 bit
  .-`` .-```.  ```\/    _.,_ ''-._                                  
 (    '      ,       .-`  | `,    )     Running in standalone mode
 |`-._`-...-` __...-.``-._|'` _.-'|     Port: 6379
 |    `-._   `._    /     _.-'    |     PID: 1
  `-._    `-._  `-./  _.-'    _.-'                                   
 |`-._`-._    `-.__.-'    _.-'_.-'|                                  
 |    `-._`-._        _.-'_.-'    |           https://redis.io       
  `-._    `-._`-.__.-'_.-'    _.-'                                   
 |`-._`-._    `-.__.-'    _.-'_.-'|                                  
 |    `-._`-._        _.-'_.-'    |                                  
  `-._    `-._`-.__.-'_.-'    _.-'                                   
      `-._    `-.__.-'    _.-'                                       
          `-._        _.-'                                           
              `-.__.-'                                               

1:M 07 Apr 2024 12:06:32.284 * Server initialized
1:M 07 Apr 2024 12:06:32.289 * Ready to accept connections tcp
1:M 07 Apr 2024 12:09:00.107 * 1 changes in 10 seconds. Saving...
1:M 07 Apr 2024 12:09:00.116 * Background saving started by pid 18
18:C 07 Apr 2024 12:09:00.134 * DB saved on disk
18:C 07 Apr 2024 12:09:00.139 * Fork CoW for RDB: current 0 MB, peak 0 MB, average 0 MB
1:M 07 Apr 2024 12:09:00.220 * Background saving terminated with success
1:M 07 Apr 2024 12:09:11.964 * 1 changes in 10 seconds. Saving...
1:M 07 Apr 2024 12:09:11.968 * Background saving started by pid 19
19:C 07 Apr 2024 12:09:11.983 * DB saved on disk
19:C 07 Apr 2024 12:09:11.987 * Fork CoW for RDB: current 0 MB, peak 0 MB, average 0 MB
1:M 07 Apr 2024 12:09:12.071 * Background saving terminated with success
1:M 07 Apr 2024 12:09:23.006 * 1 changes in 10 seconds. Saving...
1:M 07 Apr 2024 12:09:23.009 * Background saving started by pid 20
20:C 07 Apr 2024 12:09:23.020 * DB saved on disk
20:C 07 Apr 2024 12:09:23.022 * Fork CoW for RDB: current 0 MB, peak 0 MB, average 0 MB
1:M 07 Apr 2024 12:09:23.113 * Background saving terminated with success
1:M 07 Apr 2024 12:09:34.853 * 1 changes in 10 seconds. Saving...
1:M 07 Apr 2024 12:09:34.857 * Background saving started by pid 21
21:C 07 Apr 2024 12:09:34.869 * DB saved on disk
21:C 07 Apr 2024 12:09:34.872 * Fork CoW for RDB: current 0 MB, peak 0 MB, average 0 MB
1:M 07 Apr 2024 12:09:34.961 * Background saving terminated with success
1:M 07 Apr 2024 12:09:47.401 * 1 changes in 10 seconds. Saving...
1:M 07 Apr 2024 12:09:47.405 * Background saving started by pid 22
22:C 07 Apr 2024 12:09:47.417 * DB saved on disk
22:C 07 Apr 2024 12:09:47.420 * Fork CoW for RDB: current 0 MB, peak 0 MB, average 0 MB
1:M 07 Apr 2024 12:09:47.508 * Background saving terminated with success
1:signal-handler (1712491860) Received SIGTERM scheduling shutdown...
1:M 07 Apr 2024 12:11:00.439 * User requested shutdown...
1:M 07 Apr 2024 12:11:00.447 * Saving the final RDB snapshot before exiting.
1:M 07 Apr 2024 12:11:00.479 * DB saved on disk
1:M 07 Apr 2024 12:11:00.489 # Redis is now ready to exit, bye bye...
1:C 07 Apr 2024 12:11:13.403 * oO0OoO0OoO0Oo Redis is starting oO0OoO0OoO0Oo
1:C 07 Apr 2024 12:11:13.418 * Redis version=7.2.4, bits=64, commit=00000000, modified=0, pid=1, just started
1:C 07 Apr 2024 12:11:13.432 * Configuration loaded
1:M 07 Apr 2024 12:11:13.459 * monotonic clock: POSIX clock_gettime
                _._                                                  
           _.-``__ ''-._                                             
      _.-``    `.  `_.  ''-._           Redis 7.2.4 (00000000/0) 64 bit
  .-`` .-```.  ```\/    _.,_ ''-._                                  
 (    '      ,       .-`  | `,    )     Running in standalone mode
 |`-._`-...-` __...-.``-._|'` _.-'|     Port: 6379
 |    `-._   `._    /     _.-'    |     PID: 1
  `-._    `-._  `-./  _.-'    _.-'                                   
 |`-._`-._    `-.__.-'    _.-'_.-'|                                  
 |    `-._`-._        _.-'_.-'    |           https://redis.io       
  `-._    `-._`-.__.-'_.-'    _.-'                                   
 |`-._`-._    `-.__.-'    _.-'_.-'|                                  
 |    `-._`-._        _.-'_.-'    |                                  
  `-._    `-._`-.__.-'_.-'    _.-'                                   
      `-._    `-.__.-'    _.-'                                       
          `-._        _.-'                                           
              `-.__.-'                                               

1:M 07 Apr 2024 12:11:13.488 * Server initialized
1:M 07 Apr 2024 12:11:13.501 * Loading RDB produced by version 7.2.4
1:M 07 Apr 2024 12:11:13.509 * RDB age 13 seconds
1:M 07 Apr 2024 12:11:13.518 * RDB memory usage when created 1.02 Mb
1:M 07 Apr 2024 12:11:13.524 * Done loading RDB, keys loaded: 6, keys expired: 0.
1:M 07 Apr 2024 12:11:13.537 * DB loaded from disk: 0.038 seconds
1:M 07 Apr 2024 12:11:13.542 * Ready to accept connections tcp
1:signal-handler (1712492100) Received SIGTERM scheduling shutdown...
1:M 07 Apr 2024 12:15:00.911 * User requested shutdown...
1:M 07 Apr 2024 12:15:00.918 * Saving the final RDB snapshot before exiting.
1:M 07 Apr 2024 12:15:00.948 * DB saved on disk
1:M 07 Apr 2024 12:15:00.953 # Redis is now ready to exit, bye bye...
1:C 07 Apr 2024 12:26:46.775 * oO0OoO0OoO0Oo Redis is starting oO0OoO0OoO0Oo
1:C 07 Apr 2024 12:26:46.779 * Redis version=7.2.4, bits=64, commit=00000000, modified=0, pid=1, just started
1:C 07 Apr 2024 12:26:46.782 * Configuration loaded
1:M 07 Apr 2024 12:26:46.787 * monotonic clock: POSIX clock_gettime
                _._                                                  
           _.-``__ ''-._                                             
      _.-``    `.  `_.  ''-._           Redis 7.2.4 (00000000/0) 64 bit
  .-`` .-```.  ```\/    _.,_ ''-._                                  
 (    '      ,       .-`  | `,    )     Running in standalone mode
 |`-._`-...-` __...-.``-._|'` _.-'|     Port: 6379
 |    `-._   `._    /     _.-'    |     PID: 1
  `-._    `-._  `-./  _.-'    _.-'                                   
 |`-._`-._    `-.__.-'    _.-'_.-'|                                  
 |    `-._`-._        _.-'_.-'    |           https://redis.io       
  `-._    `-._`-.__.-'_.-'    _.-'                                   
 |`-._`-._    `-.__.-'    _.-'_.-'|                                  
 |    `-._`-._        _.-'_.-'    |                                  
  `-._    `-._`-.__.-'_.-'    _.-'                                   
      `-._    `-.__.-'    _.-'                                       
          `-._        _.-'                                           
              `-.__.-'                                               

1:M 07 Apr 2024 12:26:46.797 * Server initialized
1:M 07 Apr 2024 12:26:46.805 * Loading RDB produced by version 7.2.4
1:M 07 Apr 2024 12:26:46.807 * RDB age 706 seconds
1:M 07 Apr 2024 12:26:46.810 * RDB memory usage when created 0.92 Mb
1:M 07 Apr 2024 12:26:46.813 * Done loading RDB, keys loaded: 6, keys expired: 0.
1:M 07 Apr 2024 12:26:46.820 * DB loaded from disk: 0.018 seconds
1:M 07 Apr 2024 12:26:46.823 * Ready to accept connections tcp
1:M 07 Apr 2024 12:27:12.315 * 1 changes in 10 seconds. Saving...
1:M 07 Apr 2024 12:27:12.339 * Background saving started by pid 19
19:C 07 Apr 2024 12:27:12.386 * DB saved on disk
19:C 07 Apr 2024 12:27:12.389 * Fork CoW for RDB: current 0 MB, peak 0 MB, average 0 MB
1:M 07 Apr 2024 12:27:12.443 * Background saving terminated with success
1:M 07 Apr 2024 12:27:23.082 * 1 changes in 10 seconds. Saving...
1:M 07 Apr 2024 12:27:23.086 * Background saving started by pid 20
20:C 07 Apr 2024 12:27:23.170 * DB saved on disk
20:C 07 Apr 2024 12:27:23.173 * Fork CoW for RDB: current 0 MB, peak 0 MB, average 0 MB
1:M 07 Apr 2024 12:27:23.195 * Background saving terminated with success
